<?xml version="1.0" encoding="UTF-8"?>
<testng-results ignored="0" total="1" passed="1" failed="0" skipped="0">
  <reporter-output>
  </reporter-output>
  <suite started-at="2018-10-19T01:13:12Z" name="TestScripts.DriverScriptTest" finished-at="2018-10-19T01:13:35Z" duration-ms="23471">
    <groups>
    </groups>
    <test started-at="2018-10-19T01:13:12Z" name="Command line test" finished-at="2018-10-19T01:13:35Z" duration-ms="23471">
      <class name="TestScripts.DriverScriptTest">
        <test-method signature="mainmethod()[pri:0, instance:TestScripts.DriverScriptTest@3f197a46]" started-at="2018-10-19T01:13:12Z" name="mainmethod" finished-at="2018-10-19T01:13:35Z" duration-ms="23371" status="PASS">
          <reporter-output>
          </reporter-output>
        </test-method> <!-- mainmethod -->
      </class> <!-- TestScripts.DriverScriptTest -->
    </test> <!-- Command line test -->
  </suite> <!-- TestScripts.DriverScriptTest -->
</testng-results>
